simulation complete
1 19 20431055 -19 28772215 -25 57349732 19 89128092 0 98452943 19 104945276 26 116875941 -25 123162247 25 173654461 26 194127544 -19 194652752 20 206974467 -19 249000000 
1  0 39459843  17 54334813  0 117794866  17 162635809  0 168440868  25 173654461  26 177824090  -17 180031687  26 194127544  -19 196693538  17 249000000 
2 19 9950430 26 16053826 -26 63029052 26 116875941 -25 123162247 25 173654461 26 194127544 -19 194652752 20 206974467 -19 249000000 
2  0 39459843  17 54334813  0 125005785  -19 149292929  -17 189306322  -19 214147953  -17 249000000 
29 26 12802034 -26 18212289 26 67734971 -25 71928740 26 80870148 17 100837735 -25 154557004 25 249000000 
29  -23 100700633  23 132571084  -20 157141604  20 171272489  -19 175512476  26 228755075  23 249000000 
pIBD matrix computed
mapfile read in 
pedfile read in 
write output ped
call convert hap1
call convert hap2
0
call convert hap1
call convert hap2
1
call convert hap1
call convert hap2
2
